[2026-03-14 13:47:13] 
============================================================
[2026-03-14 13:47:13] BEATSIGNAL DIAGNOSTIC V5 START
[2026-03-14 13:47:13] ============================================================

[2026-03-14 13:47:13] FRONTEND TEST
[2026-03-14 13:47:13] Status: 200
[2026-03-14 13:47:13] Content length: 8642
[2026-03-14 13:47:13] Frontend reachable ✓
[2026-03-14 13:47:13] ------------------------------------------------------------

[2026-03-14 13:47:13] BACKEND ROOT TEST
[2026-03-14 13:47:15] Status: 404
[2026-03-14 13:47:15] ------------------------------------------------------------

[2026-03-14 13:47:15] DOCS ENDPOINT TEST
[2026-03-14 13:47:16] Status: 200
[2026-03-14 13:47:16] Docs endpoint accessible ✓
[2026-03-14 13:47:16] ------------------------------------------------------------

[2026-03-14 13:47:16] SCAN DIAGNOSTIC ENDPOINT
[2026-03-14 13:47:17] Diagnostic endpoint returned unexpected status
[2026-03-14 13:47:17] ------------------------------------------------------------

[2026-03-14 13:47:17] SCAN ENDPOINT TEST
[2026-03-14 13:47:18] HTTP status: 200
[2026-03-14 13:47:18] Response time: 1.06s
[2026-03-14 13:47:18] RAW RESPONSE:
[2026-03-14 13:47:18] {"error":"invalid_token"}
[2026-03-14 13:47:18] AUTHENTICATION FAILED
[2026-03-14 13:47:18] Scan rejected due to invalid token
[2026-03-14 13:47:18] ------------------------------------------------------------

[2026-03-14 13:47:18] DIAGNOSTIC COMPLETE
[2026-03-14 13:47:18] Results saved to diagnostic.log
